#
# A fatal error has been detected by the Java Runtime Environment:
#
#  SIGSEGV (0xb) at pc=0x00007fff8c225097, pid=954, tid=1287
#
# JRE version: Java(TM) SE Runtime Environment (7.0_45-b18) (build 1.7.0_45-b18)
# Java VM: Java HotSpot(TM) 64-Bit Server VM (24.45-b08 mixed mode bsd-amd64 compressed oops)
# Problematic frame:
# C  [libobjc.A.dylib+0x5097]  objc_msgSend+0x17
#
# Failed to write core dump. Core dumps have been disabled. To enable core dumping, try "ulimit -c unlimited" before starting Java again
#
# If you would like to submit a bug report, please visit:
#   http://bugreport.sun.com/bugreport/crash.jsp
# The crash happened outside the Java Virtual Machine in native code.
# See problematic frame for where to report the bug.
#

---------------  T H R E A D  ---------------

Current thread (0x00007f8ec38e8000):  JavaThread "AppKit Thread" daemon [_thread_in_native, id=1287, stack(0x00007fff50466000,0x00007fff504e6000)]

siginfo:si_signo=SIGSEGV: si_errno=0, si_code=0 (SEGV0), si_addr=0x0000000000000000

Registers:
RAX=0x00007f8ec2f336a0, RBX=0x00000000000f42ee, RCX=0x0000000000000000, RDX=0x00007f8ec2d694d0
RSP=0x00007fff504e15d8, RBP=0x00007fff504e15e0, RSI=0x00007fff909b1b9f, RDI=0x00007f8ec2f336a0
R8 =0x0000000000000040, R9 =0x00007fff504e1500, R10=0x00007fff909b1b9f, R11=0x8000000000000000
R12=0x00000000000f42ee, R13=0x00007fff504e17a8, R14=0x00007f8ec2f49700, R15=0x00007fff504e1708
RIP=0x00007fff8c225097, EFLAGS=0x0000000000010246, ERR=0x0000000000000000
  TRAPNO=0x000000000000000d

Top of Stack: (sp=0x00007fff504e15d8)
0x00007fff504e15d8:   00007fff8abf2e0c 00007fff504e1940
0x00007fff504e15e8:   00007fff8aae6a6d 0000000000000003
0x00007fff504e15f8:   000000010f736a00 00007fff504e1640
0x00007fff504e1608:   00007fff8d9bb272 00000000000007e0
0x00007fff504e1618:   00000000000f42f0 0000000000000002
0x00007fff504e1628:   00007f8ec2e2f8c0 00007f8ec2e30920
0x00007fff504e1638:   00007f8ec2e03d10 00007f8ec2d694d0
0x00007fff504e1648:   00007fff504e1700 0000000000000000
0x00007fff504e1658:   00000000000f42ee 0000000000000054
0x00007fff504e1668:   00007fff504e1780 0000000000000000
0x00007fff504e1678:   0000000000000001 00007f8ec2e03d00
0x00007fff504e1688:   000000000000004f 000000000000dad4
0x00007fff504e1698:   0000010000000000 00007fff7c86aa60
0x00007fff504e16a8:   0000206000c376ea 00007fff504e1800
0x00007fff504e16b8:   0000000000000000 00007fff504e1798
0x00007fff504e16c8:   00007fff504e1778 00007fff7c86aa48
0x00007fff504e16d8:   0000000000000000 000000000000000f
0x00007fff504e16e8:   00007fff93c376ea 00007fff7c259d38
0x00007fff504e16f8:   0000000000000000 00007f8ec2e2f940
0x00007fff504e1708:   00007f8ec2f49700 00007fff934a8b08
0x00007fff504e1718:   0000000000000000 00007fff504e17e0
0x00007fff504e1728:   00007fff93c78dde 00007fff7c6f10d0
0x00007fff504e1738:   0000000042000000 00007fff93c811d1
0x00007fff504e1748:   00007fff7c846b40 00007fff504e1848
0x00007fff504e1758:   00007fff504e1778 00007fff504e1798
0x00007fff504e1768:   0000000000000000 000000010f733001
0x00007fff504e1778:   0000000000000000 000000000000004d
0x00007fff504e1788:   0000000000000000 00000000000f42e2
0x00007fff504e1798:   000000000000004f 0000000000000000
0x00007fff504e17a8:   00000000000f42ee 00000001504e1850
0x00007fff504e17b8:   00007fff93c38261 00007fff7b6b9748
0x00007fff504e17c8:   00007fff7b6b974c 000000007b6b51b8 

Instructions: (pc=0x00007fff8c225097)
0x00007fff8c225077:   90 90 90 90 90 90 90 90 90 48 85 ff 2e 74 72 40
0x00007fff8c225087:   f6 c7 01 2e 0f 85 7e 00 00 00 4c 8b 1f 49 89 f2
0x00007fff8c225097:   45 23 53 18 49 c1 e2 04 4d 03 53 10 49 3b 32 75
0x00007fff8c2250a7:   04 41 ff 62 08 49 83 3a 00 74 74 4d 3b 53 10 74 

Register to memory mapping:

RAX=0x00007f8ec2f336a0 is an unknown value
RBX=0x00000000000f42ee is an unknown value
RCX=0x0000000000000000 is an unknown value
RDX=0x00007f8ec2d694d0 is an unknown value
RSP=0x00007fff504e15d8 is pointing into the stack for thread: 0x00007f8ec38e8000
RBP=0x00007fff504e15e0 is pointing into the stack for thread: 0x00007f8ec38e8000
RSI=0x00007fff909b1b9f: NSAppKitVersionNumber+0x5358f in /System/Library/Frameworks/AppKit.framework/Versions/C/AppKit at 0x00007fff8ff0e000
RDI=0x00007f8ec2f336a0 is an unknown value
R8 =0x0000000000000040 is an unknown value
R9 =0x00007fff504e1500 is pointing into the stack for thread: 0x00007f8ec38e8000
R10=0x00007fff909b1b9f: NSAppKitVersionNumber+0x5358f in /System/Library/Frameworks/AppKit.framework/Versions/C/AppKit at 0x00007fff8ff0e000
R11=0x8000000000000000 is an unknown value
R12=0x00000000000f42ee is an unknown value
R13=0x00007fff504e17a8 is pointing into the stack for thread: 0x00007f8ec38e8000
R14=0x00007f8ec2f49700 is an unknown value
R15=0x00007fff504e1708 is pointing into the stack for thread: 0x00007f8ec38e8000


Stack: [0x00007fff50466000,0x00007fff504e6000],  sp=0x00007fff504e15d8,  free space=493k
Native frames: (J=compiled Java code, j=interpreted, Vv=VM code, C=native code)
C  [libobjc.A.dylib+0x5097]  objc_msgSend+0x17
C  [CoreFoundation+0x10a6d]  _CFXNotificationPost+0xb4d
C  [Foundation+0x27ba]  -[NSNotificationCenter postNotificationName:object:userInfo:]+0x44
C  [AppKit+0x10f719]  -[NSSurface _disposeSurface]+0x98
C  [AppKit+0x10f1b5]  -[NSSurface setWindow:]+0x46
C  [AppKit+0x3b0b7]  -[NSView _setWindow:]+0x8ea
C  [AppKit+0x3c10a]  -[NSView removeFromSuperview]+0x15e
C  [AppKit+0x98889]  -[NSView removeFromSuperviewWithoutNeedingDisplay]+0x26
C  [liblwjgl.jnilib+0x936e]  +[MacOSXKeyableWindow destroyWindow]+0xde
C  [Foundation+0x6313e]  __NSThreadPerformPerform+0xe5
C  [CoreFoundation+0x7f731]  __CFRUNLOOP_IS_CALLING_OUT_TO_A_SOURCE0_PERFORM_FUNCTION__+0x11
C  [CoreFoundation+0x70ea2]  __CFRunLoopDoSources0+0xf2
C  [CoreFoundation+0x7062f]  __CFRunLoopRun+0x33f
C  [CoreFoundation+0x700b5]  CFRunLoopRunSpecific+0x135
C  [HIToolbox+0x2ea0d]  RunCurrentEventLoopInMode+0xe2
C  [HIToolbox+0x2e7b7]  ReceiveNextEventCommon+0x1df
C  [HIToolbox+0x2e5bc]  _BlockUntilNextEventMatchingListInModeWithFilter+0x41
C  [AppKit+0x243de]  _DPSNextEvent+0x59a
C  [AppKit+0x23a2b]  -[NSApplication nextEventMatchingMask:untilDate:inMode:dequeue:]+0x7a
C  [libosxapp.dylib+0x16f4]  -[NSApplicationAWT nextEventMatchingMask:untilDate:inMode:dequeue:]+0x7c
C  [AppKit+0x17b2c]  -[NSApplication run]+0x229
C  [libosxapp.dylib+0x1557]  +[NSApplicationAWT runAWTLoopWithApp:]+0x9c
C  [liblwawt.dylib+0xdba9]  -[AWTStarter starter:]+0x369
C  [Foundation+0x6313e]  __NSThreadPerformPerform+0xe5
C  [CoreFoundation+0x7f731]  __CFRUNLOOP_IS_CALLING_OUT_TO_A_SOURCE0_PERFORM_FUNCTION__+0x11
C  [CoreFoundation+0x70ea2]  __CFRunLoopDoSources0+0xf2
C  [CoreFoundation+0x7062f]  __CFRunLoopRun+0x33f
C  [CoreFoundation+0x700b5]  CFRunLoopRunSpecific+0x135
C  [java+0x73b0]  CreateExecutionEnvironment+0x367
C  [java+0x1b5c]  JLI_Launch+0x7a0
C  [java+0x770d]  main+0x65
C  [java+0x13b4]  start+0x34


---------------  P R O C E S S  ---------------

Java Threads: ( => current thread )
  0x00007f8ec4150000 JavaThread "AWT-Shutdown" [_thread_blocked, id=27667, stack(0x000000011e09d000,0x000000011e19d000)]
  0x00007f8ec4067800 JavaThread "DestroyJavaVM" [_thread_blocked, id=6403, stack(0x000000010f82f000,0x000000010f92f000)]
  0x00007f8ec391f800 JavaThread "LWJGL Application" [_thread_in_native, id=61699, stack(0x000000011cecf000,0x000000011cfcf000)]
=>0x00007f8ec38e8000 JavaThread "AppKit Thread" daemon [_thread_in_native, id=1287, stack(0x00007fff50466000,0x00007fff504e6000)]
  0x00007f8ec381d000 JavaThread "Service Thread" daemon [_thread_blocked, id=19203, stack(0x000000011832f000,0x000000011842f000)]
  0x00007f8ec381c000 JavaThread "C2 CompilerThread1" daemon [_thread_blocked, id=18691, stack(0x000000011822c000,0x000000011832c000)]
  0x00007f8ec4805000 JavaThread "C2 CompilerThread0" daemon [_thread_blocked, id=18179, stack(0x0000000118129000,0x0000000118229000)]
  0x00007f8ec380c000 JavaThread "Signal Dispatcher" daemon [_thread_blocked, id=17667, stack(0x0000000118026000,0x0000000118126000)]
  0x00007f8ec305a000 JavaThread "Finalizer" daemon [_thread_blocked, id=12547, stack(0x0000000117dec000,0x0000000117eec000)]
  0x00007f8ec3057800 JavaThread "Reference Handler" daemon [_thread_blocked, id=12035, stack(0x0000000117ce9000,0x0000000117de9000)]

Other Threads:
  0x00007f8ec3057000 VMThread [stack: 0x0000000117be6000,0x0000000117ce6000] [id=11523]
  0x00007f8ec3800800 WatcherThread [stack: 0x0000000118432000,0x0000000118532000] [id=19715]

VM state:not at safepoint (normal execution)

VM Mutex/Monitor currently owned by a thread: None

Heap
 PSYoungGen      total 19456K, used 5972K [0x00000007eaa80000, 0x00000007ec000000, 0x0000000800000000)
  eden space 16896K, 20% used [0x00000007eaa80000,0x00000007eaddacf0,0x00000007ebb00000)
  from space 2560K, 99% used [0x00000007ebb00000,0x00000007ebd7a5f8,0x00000007ebd80000)
  to   space 2560K, 0% used [0x00000007ebd80000,0x00000007ebd80000,0x00000007ec000000)
 ParOldGen       total 43520K, used 685K [0x00000007c0000000, 0x00000007c2a80000, 0x00000007eaa80000)
  object space 43520K, 1% used [0x00000007c0000000,0x00000007c00ab768,0x00000007c2a80000)
 PSPermGen       total 21504K, used 7503K [0x00000007bae00000, 0x00000007bc300000, 0x00000007c0000000)
  object space 21504K, 34% used [0x00000007bae00000,0x00000007bb553d78,0x00000007bc300000)

Card table byte_map: [0x0000000113d13000,0x0000000113f3d000] byte_map_base: 0x000000010ff3c000

Polling page: 0x000000010f96e000

Code Cache  [0x0000000110c53000, 0x0000000110ec3000, 0x0000000113c53000)
 total_blobs=581 nmethods=232 adapters=303 free_code_cache=48248Kb largest_free_block=49384064

Compilation events (10 events):
Event: 43.846 Thread 0x00007f8ec381c000  228             com.badlogic.gdx.scenes.scene2d.actions.RepeatAction::delegate (79 bytes)
Event: 43.846 Thread 0x00007f8ec4805000  229             com.badlogic.gdx.scenes.scene2d.actions.RelativeTemporalAction::update (16 bytes)
Event: 43.848 Thread 0x00007f8ec4805000 nmethod 229 0x0000000110d34cd0 code [0x0000000110d34e00, 0x0000000110d34eb8]
Event: 43.848 Thread 0x00007f8ec4805000  230             com.badlogic.gdx.scenes.scene2d.actions.MoveByAction::updateRelative (20 bytes)
Event: 43.849 Thread 0x00007f8ec4805000 nmethod 230 0x0000000110d34f90 code [0x0000000110d350c0, 0x0000000110d35158]
Event: 43.849 Thread 0x00007f8ec4805000  231             com.badlogic.gdx.scenes.scene2d.Actor::translate (21 bytes)
Event: 43.849 Thread 0x00007f8ec4805000 nmethod 231 0x0000000110d2d1d0 code [0x0000000110d2d300, 0x0000000110d2d378]
Event: 43.852 Thread 0x00007f8ec381c000 nmethod 228 0x0000000110d32850 code [0x0000000110d32a00, 0x0000000110d32cf8]
Event: 48.051 Thread 0x00007f8ec4805000  232             java.nio.ByteBuffer::put (55 bytes)
Event: 48.055 Thread 0x00007f8ec4805000 nmethod 232 0x0000000110d32310 code [0x0000000110d32460, 0x0000000110d326d8]

GC Heap History (2 events):
Event: 6.280 GC heap before
{Heap before GC invocations=1 (full 0):
 PSYoungGen      total 19456K, used 16896K [0x00000007eaa80000, 0x00000007ec000000, 0x0000000800000000)
  eden space 16896K, 100% used [0x00000007eaa80000,0x00000007ebb00000,0x00000007ebb00000)
  from space 2560K, 0% used [0x00000007ebd80000,0x00000007ebd80000,0x00000007ec000000)
  to   space 2560K, 0% used [0x00000007ebb00000,0x00000007ebb00000,0x00000007ebd80000)
 ParOldGen       total 43520K, used 0K [0x00000007c0000000, 0x00000007c2a80000, 0x00000007eaa80000)
  object space 43520K, 0% used [0x00000007c0000000,0x00000007c0000000,0x00000007c2a80000)
 PSPermGen       total 21504K, used 7298K [0x00000007bae00000, 0x00000007bc300000, 0x00000007c0000000)
  object space 21504K, 33% used [0x00000007bae00000,0x00000007bb520810,0x00000007bc300000)
Event: 6.285 GC heap after
Heap after GC invocations=1 (full 0):
 PSYoungGen      total 19456K, used 2537K [0x00000007eaa80000, 0x00000007ec000000, 0x0000000800000000)
  eden space 16896K, 0% used [0x00000007eaa80000,0x00000007eaa80000,0x00000007ebb00000)
  from space 2560K, 99% used [0x00000007ebb00000,0x00000007ebd7a5f8,0x00000007ebd80000)
  to   space 2560K, 0% used [0x00000007ebd80000,0x00000007ebd80000,0x00000007ec000000)
 ParOldGen       total 43520K, used 685K [0x00000007c0000000, 0x00000007c2a80000, 0x00000007eaa80000)
  object space 43520K, 1% used [0x00000007c0000000,0x00000007c00ab768,0x00000007c2a80000)
 PSPermGen       total 21504K, used 7298K [0x00000007bae00000, 0x00000007bc300000, 0x00000007c0000000)
  object space 21504K, 33% used [0x00000007bae00000,0x00000007bb520810,0x00000007bc300000)
}

Deoptimization events (4 events):
Event: 22.705 Thread 0x00007f8ec391f800 Uncommon trap: reason=bimorphic action=maybe_recompile pc=0x0000000110d16488 method=com.badlogic.gdx.scenes.scene2d.Actor.act(F)V @ 27
Event: 22.722 Thread 0x00007f8ec391f800 Uncommon trap: reason=bimorphic action=maybe_recompile pc=0x0000000110d16488 method=com.badlogic.gdx.scenes.scene2d.Actor.act(F)V @ 27
Event: 22.738 Thread 0x00007f8ec391f800 Uncommon trap: reason=bimorphic action=maybe_recompile pc=0x0000000110d16488 method=com.badlogic.gdx.scenes.scene2d.Actor.act(F)V @ 27
Event: 50.212 Thread 0x00007f8ec391f800 Uncommon trap: reason=bimorphic action=maybe_recompile pc=0x0000000110d16488 method=com.badlogic.gdx.scenes.scene2d.Actor.act(F)V @ 27

Internal exceptions (10 events):
Event: 6.292 Thread 0x00007f8ec391f800 Threw 0x00000007eab18a08 at /HUDSON/workspace/7u-2-build-macosx-x86_64/jdk7u45/229/hotspot/src/share/vm/prims/jvm.cpp:1244
Event: 6.293 Thread 0x00007f8ec391f800 Threw 0x00000007eab1ec48 at /HUDSON/workspace/7u-2-build-macosx-x86_64/jdk7u45/229/hotspot/src/share/vm/prims/jvm.cpp:1244
Event: 6.293 Thread 0x00007f8ec391f800 Threw 0x00000007eab23f00 at /HUDSON/workspace/7u-2-build-macosx-x86_64/jdk7u45/229/hotspot/src/share/vm/prims/jvm.cpp:1244
Event: 6.294 Thread 0x00007f8ec391f800 Threw 0x00000007eab29088 at /HUDSON/workspace/7u-2-build-macosx-x86_64/jdk7u45/229/hotspot/src/share/vm/prims/jvm.cpp:1244
Event: 6.294 Thread 0x00007f8ec391f800 Threw 0x00000007eab2e230 at /HUDSON/workspace/7u-2-build-macosx-x86_64/jdk7u45/229/hotspot/src/share/vm/prims/jvm.cpp:1244
Event: 6.295 Thread 0x00007f8ec391f800 Threw 0x00000007eab34070 at /HUDSON/workspace/7u-2-build-macosx-x86_64/jdk7u45/229/hotspot/src/share/vm/prims/jvm.cpp:1244
Event: 51.954 Thread 0x00007f8ec391f800 Threw 0x00000007ead5e438 at /HUDSON/workspace/7u-2-build-macosx-x86_64/jdk7u45/229/hotspot/src/share/vm/prims/jvm.cpp:1244
Event: 51.955 Thread 0x00007f8ec391f800 Threw 0x00000007ead63b50 at /HUDSON/workspace/7u-2-build-macosx-x86_64/jdk7u45/229/hotspot/src/share/vm/prims/jvm.cpp:1244
Event: 51.956 Thread 0x00007f8ec391f800 Threw 0x00000007ead719c8 at /HUDSON/workspace/7u-2-build-macosx-x86_64/jdk7u45/229/hotspot/src/share/vm/prims/jvm.cpp:1244
Event: 51.961 Thread 0x00007f8ec391f800 Threw 0x00000007ead783e0 at /HUDSON/workspace/7u-2-build-macosx-x86_64/jdk7u45/229/hotspot/src/share/vm/prims/jvm.cpp:1244

Events (10 events):
Event: 50.212 Thread 0x00007f8ec391f800 DEOPT UNPACKING pc=0x0000000110c8c045 sp=0x000000011cfce6a0 mode 2
Event: 51.954 loading class 0x00007f8ec2c370e0
Event: 51.954 loading class 0x00007f8ec2c370e0 done
Event: 51.955 loading class 0x00007f8ec2c3a6e0
Event: 51.955 loading class 0x00007f8ec2c3a6e0 done
Event: 51.956 loading class 0x00007f8ec2c3a860
Event: 51.956 loading class 0x00007f8ec2c3a860 done
Event: 51.957 Thread 0x00007f8ec4179800 Thread exited: 0x00007f8ec4179800
Event: 51.961 loading class 0x00007f8ec2f3bba0
Event: 51.961 loading class 0x00007f8ec2f3bba0 done


Dynamic libraries:
0x000000000aace000 	/System/Library/Frameworks/Cocoa.framework/Versions/A/Cocoa
0x000000000aace000 	/System/Library/Frameworks/Security.framework/Versions/A/Security
0x000000000aace000 	/System/Library/Frameworks/ApplicationServices.framework/Versions/A/ApplicationServices
0x000000000aace000 	/usr/lib/libz.1.dylib
0x000000000aace000 	/usr/lib/libSystem.B.dylib
0x000000000aace000 	/usr/lib/libobjc.A.dylib
0x000000000aace000 	/System/Library/Frameworks/CoreFoundation.framework/Versions/A/CoreFoundation
0x000000000aace000 	/System/Library/Frameworks/Foundation.framework/Versions/C/Foundation
0x000000000aace000 	/System/Library/Frameworks/AppKit.framework/Versions/C/AppKit
0x000000000aace000 	/System/Library/Frameworks/CoreData.framework/Versions/A/CoreData
0x000000000aace000 	/System/Library/PrivateFrameworks/RemoteViewServices.framework/Versions/A/RemoteViewServices
0x000000000aace000 	/System/Library/Frameworks/AudioToolbox.framework/Versions/A/AudioToolbox
0x000000000aace000 	/System/Library/Frameworks/AudioUnit.framework/Versions/A/AudioUnit
0x000000000aace000 	/System/Library/PrivateFrameworks/DataDetectorsCore.framework/Versions/A/DataDetectorsCore
0x000000000aace000 	/System/Library/PrivateFrameworks/DesktopServicesPriv.framework/Versions/A/DesktopServicesPriv
0x000000000aace000 	/System/Library/Frameworks/Carbon.framework/Versions/A/Frameworks/HIToolbox.framework/Versions/A/HIToolbox
0x000000000aace000 	/System/Library/Frameworks/QuartzCore.framework/Versions/A/QuartzCore
0x000000000aace000 	/System/Library/Frameworks/Carbon.framework/Versions/A/Frameworks/SpeechRecognition.framework/Versions/A/SpeechRecognition
0x000000000aace000 	/usr/lib/libauto.dylib
0x000000000aace000 	/usr/lib/libicucore.A.dylib
0x000000000aace000 	/usr/lib/libxml2.2.dylib
0x000000000aace000 	/System/Library/PrivateFrameworks/CoreUI.framework/Versions/A/CoreUI
0x000000000aace000 	/System/Library/Frameworks/CoreAudio.framework/Versions/A/CoreAudio
0x000000000aace000 	/System/Library/Frameworks/DiskArbitration.framework/Versions/A/DiskArbitration
0x000000000aace000 	/usr/lib/liblangid.dylib
0x000000000aace000 	/System/Library/PrivateFrameworks/MultitouchSupport.framework/Versions/A/MultitouchSupport
0x000000000aace000 	/System/Library/Frameworks/IOKit.framework/Versions/A/IOKit
0x000000000aace000 	/usr/lib/libDiagnosticMessagesClient.dylib
0x000000000aace000 	/System/Library/Frameworks/CoreServices.framework/Versions/A/CoreServices
0x000000000aace000 	/System/Library/PrivateFrameworks/PerformanceAnalysis.framework/Versions/A/PerformanceAnalysis
0x000000000aace000 	/System/Library/PrivateFrameworks/GenerationalStorage.framework/Versions/A/GenerationalStorage
0x000000000aace000 	/System/Library/Frameworks/OpenGL.framework/Versions/A/OpenGL
0x000000000aace000 	/System/Library/PrivateFrameworks/Sharing.framework/Versions/A/Sharing
0x000000000aace000 	/System/Library/Frameworks/ImageIO.framework/Versions/A/ImageIO
0x000000000aace000 	/System/Library/Frameworks/CoreText.framework/Versions/A/CoreText
0x000000000aace000 	/System/Library/Frameworks/CoreGraphics.framework/Versions/A/CoreGraphics
0x000000000aace000 	/System/Library/PrivateFrameworks/Backup.framework/Versions/A/Backup
0x000000000aace000 	/System/Library/Frameworks/CFNetwork.framework/Versions/A/CFNetwork
0x000000000aace000 	/System/Library/Frameworks/SystemConfiguration.framework/Versions/A/SystemConfiguration
0x000000000aace000 	/usr/lib/libCRFSuite.dylib
0x000000000aace000 	/usr/lib/libc++.1.dylib
0x000000000aace000 	/usr/lib/libc++abi.dylib
0x000000000aace000 	/usr/lib/system/libcache.dylib
0x000000000aace000 	/usr/lib/system/libcommonCrypto.dylib
0x000000000aace000 	/usr/lib/system/libcompiler_rt.dylib
0x000000000aace000 	/usr/lib/system/libcopyfile.dylib
0x000000000aace000 	/usr/lib/system/libcorecrypto.dylib
0x000000000aace000 	/usr/lib/system/libdispatch.dylib
0x000000000aace000 	/usr/lib/system/libdyld.dylib
0x000000000aace000 	/usr/lib/system/libkeymgr.dylib
0x000000000aace000 	/usr/lib/system/liblaunch.dylib
0x000000000aace000 	/usr/lib/system/libmacho.dylib
0x000000000aace000 	/usr/lib/system/libquarantine.dylib
0x000000000aace000 	/usr/lib/system/libremovefile.dylib
0x000000000aace000 	/usr/lib/system/libsystem_asl.dylib
0x000000000aace000 	/usr/lib/system/libsystem_blocks.dylib
0x000000000aace000 	/usr/lib/system/libsystem_c.dylib
0x000000000aace000 	/usr/lib/system/libsystem_configuration.dylib
0x000000000aace000 	/usr/lib/system/libsystem_dnssd.dylib
0x000000000aace000 	/usr/lib/system/libsystem_info.dylib
0x000000000aace000 	/usr/lib/system/libsystem_kernel.dylib
0x000000000aace000 	/usr/lib/system/libsystem_m.dylib
0x000000000aace000 	/usr/lib/system/libsystem_malloc.dylib
0x000000000aace000 	/usr/lib/system/libsystem_network.dylib
0x000000000aace000 	/usr/lib/system/libsystem_notify.dylib
0x000000000aace000 	/usr/lib/system/libsystem_platform.dylib
0x000000000aace000 	/usr/lib/system/libsystem_pthread.dylib
0x000000000aace000 	/usr/lib/system/libsystem_sandbox.dylib
0x000000000aace000 	/usr/lib/system/libsystem_stats.dylib
0x000000000aace000 	/usr/lib/system/libunc.dylib
0x000000000aace000 	/usr/lib/system/libunwind.dylib
0x000000000aace000 	/usr/lib/system/libxpc.dylib
0x000000000aace000 	/usr/lib/libbsm.0.dylib
0x000000000aace000 	/usr/lib/libsqlite3.dylib
0x000000000aace000 	/usr/lib/libxar.1.dylib
0x000000000aace000 	/usr/lib/libpam.2.dylib
0x000000000aace000 	/usr/lib/libOpenScriptingUtil.dylib
0x000000000aace000 	/usr/lib/libbz2.1.0.dylib
0x000000000aace000 	/System/Library/Frameworks/CoreServices.framework/Versions/A/Frameworks/CarbonCore.framework/Versions/A/CarbonCore
0x000000000aace000 	/System/Library/Frameworks/CoreServices.framework/Versions/A/Frameworks/Metadata.framework/Versions/A/Metadata
0x000000000aace000 	/System/Library/Frameworks/CoreServices.framework/Versions/A/Frameworks/OSServices.framework/Versions/A/OSServices
0x000000000aace000 	/System/Library/Frameworks/CoreServices.framework/Versions/A/Frameworks/SearchKit.framework/Versions/A/SearchKit
0x000000000aace000 	/System/Library/Frameworks/CoreServices.framework/Versions/A/Frameworks/AE.framework/Versions/A/AE
0x000000000aace000 	/System/Library/Frameworks/CoreServices.framework/Versions/A/Frameworks/LaunchServices.framework/Versions/A/LaunchServices
0x000000000aace000 	/System/Library/Frameworks/CoreServices.framework/Versions/A/Frameworks/DictionaryServices.framework/Versions/A/DictionaryServices
0x000000000aace000 	/System/Library/Frameworks/NetFS.framework/Versions/A/NetFS
0x000000000aace000 	/usr/lib/system/libkxld.dylib
0x000000000aace000 	/System/Library/PrivateFrameworks/NetAuth.framework/Versions/A/NetAuth
0x000000000aace000 	/System/Library/PrivateFrameworks/TCC.framework/Versions/A/TCC
0x000000000aace000 	/System/Library/Frameworks/OpenDirectory.framework/Versions/A/Frameworks/CFOpenDirectory.framework/Versions/A/CFOpenDirectory
0x000000000aace000 	/System/Library/Frameworks/ServiceManagement.framework/Versions/A/ServiceManagement
0x000000000aace000 	/usr/lib/libxslt.1.dylib
0x000000000aace000 	/System/Library/Frameworks/Carbon.framework/Versions/A/Frameworks/Ink.framework/Versions/A/Ink
0x000000000aace000 	/System/Library/Frameworks/ApplicationServices.framework/Versions/A/Frameworks/ATS.framework/Versions/A/ATS
0x000000000aace000 	/System/Library/Frameworks/ApplicationServices.framework/Versions/A/Frameworks/ColorSync.framework/Versions/A/ColorSync
0x000000000aace000 	/System/Library/Frameworks/ApplicationServices.framework/Versions/A/Frameworks/HIServices.framework/Versions/A/HIServices
0x000000000aace000 	/System/Library/Frameworks/ApplicationServices.framework/Versions/A/Frameworks/LangAnalysis.framework/Versions/A/LangAnalysis
0x000000000aace000 	/System/Library/Frameworks/ApplicationServices.framework/Versions/A/Frameworks/PrintCore.framework/Versions/A/PrintCore
0x000000000aace000 	/System/Library/Frameworks/ApplicationServices.framework/Versions/A/Frameworks/QD.framework/Versions/A/QD
0x000000000aace000 	/System/Library/Frameworks/ApplicationServices.framework/Versions/A/Frameworks/SpeechSynthesis.framework/Versions/A/SpeechSynthesis
0x000000000aace000 	/System/Library/Frameworks/IOSurface.framework/Versions/A/IOSurface
0x000000000aace000 	/System/Library/Frameworks/Accelerate.framework/Versions/A/Accelerate
0x000000000aace000 	/System/Library/Frameworks/Accelerate.framework/Versions/A/Frameworks/vImage.framework/Versions/A/vImage
0x000000000aace000 	/System/Library/Frameworks/Accelerate.framework/Versions/A/Frameworks/vecLib.framework/Versions/A/vecLib
0x000000000aace000 	/System/Library/Frameworks/Accelerate.framework/Versions/A/Frameworks/vecLib.framework/Versions/A/libvDSP.dylib
0x000000000aace000 	/System/Library/Frameworks/Accelerate.framework/Versions/A/Frameworks/vecLib.framework/Versions/A/libvMisc.dylib
0x000000000aace000 	/System/Library/Frameworks/Accelerate.framework/Versions/A/Frameworks/vecLib.framework/Versions/A/libLAPACK.dylib
0x000000000aace000 	/System/Library/Frameworks/Accelerate.framework/Versions/A/Frameworks/vecLib.framework/Versions/A/libBLAS.dylib
0x000000000aace000 	/System/Library/Frameworks/ApplicationServices.framework/Versions/A/Frameworks/ATS.framework/Versions/A/Resources/libFontParser.dylib
0x000000000aace000 	/System/Library/Frameworks/ApplicationServices.framework/Versions/A/Frameworks/ATS.framework/Versions/A/Resources/libFontRegistry.dylib
0x000000000aace000 	/System/Library/Frameworks/ImageIO.framework/Versions/A/Resources/libJPEG.dylib
0x000000000aace000 	/System/Library/Frameworks/ImageIO.framework/Versions/A/Resources/libTIFF.dylib
0x000000000aace000 	/System/Library/Frameworks/ImageIO.framework/Versions/A/Resources/libPng.dylib
0x000000000aace000 	/System/Library/Frameworks/ImageIO.framework/Versions/A/Resources/libGIF.dylib
0x000000000aace000 	/System/Library/Frameworks/ImageIO.framework/Versions/A/Resources/libJP2.dylib
0x000000000aace000 	/System/Library/Frameworks/ImageIO.framework/Versions/A/Resources/libRadiance.dylib
0x000000000aace000 	/usr/lib/libcups.2.dylib
0x000000000aace000 	/System/Library/Frameworks/Kerberos.framework/Versions/A/Kerberos
0x000000000aace000 	/System/Library/Frameworks/GSS.framework/Versions/A/GSS
0x000000000aace000 	/usr/lib/libresolv.9.dylib
0x000000000aace000 	/usr/lib/libiconv.2.dylib
0x000000000aace000 	/System/Library/PrivateFrameworks/Heimdal.framework/Versions/A/Heimdal
0x000000000aace000 	/System/Library/PrivateFrameworks/TrustEvaluationAgent.framework/Versions/A/TrustEvaluationAgent
0x000000000aace000 	/usr/lib/libheimdal-asn1.dylib
0x000000000aace000 	/System/Library/Frameworks/OpenDirectory.framework/Versions/A/OpenDirectory
0x000000000aace000 	/System/Library/PrivateFrameworks/CommonAuth.framework/Versions/A/CommonAuth
0x000000000aace000 	/System/Library/Frameworks/SecurityFoundation.framework/Versions/A/SecurityFoundation
0x000000000aace000 	/System/Library/PrivateFrameworks/Bom.framework/Versions/A/Bom
0x000000000aace000 	/System/Library/Frameworks/CoreVideo.framework/Versions/A/CoreVideo
0x000000000aace000 	/System/Library/Frameworks/QuartzCore.framework/Versions/A/Frameworks/CoreImage.framework/Versions/A/CoreImage
0x000000000aace000 	/System/Library/Frameworks/QuartzCore.framework/Versions/A/Frameworks/ScalableUserInterface.framework/Versions/A/ScalableUserInterface
0x000000000aace000 	/System/Library/Frameworks/OpenGL.framework/Versions/A/Libraries/libGLU.dylib
0x000000000aace000 	/System/Library/Frameworks/OpenGL.framework/Versions/A/Libraries/libGFXShared.dylib
0x000000000aace000 	/System/Library/Frameworks/OpenGL.framework/Versions/A/Libraries/libGL.dylib
0x000000000aace000 	/System/Library/Frameworks/OpenGL.framework/Versions/A/Libraries/libGLImage.dylib
0x000000000aace000 	/System/Library/Frameworks/OpenGL.framework/Versions/A/Libraries/libCVMSPluginSupport.dylib
0x000000000aace000 	/System/Library/Frameworks/OpenGL.framework/Versions/A/Libraries/libCoreVMClient.dylib
0x000000000aace000 	/System/Library/PrivateFrameworks/FaceCore.framework/Versions/A/FaceCore
0x000000000aace000 	/System/Library/PrivateFrameworks/CrashReporterSupport.framework/Versions/A/CrashReporterSupport
0x000000000aace000 	/System/Library/Frameworks/OpenCL.framework/Versions/A/OpenCL
0x000000000aace000 	/System/Library/PrivateFrameworks/AppleFSCompression.framework/Versions/A/AppleFSCompression
0x000000000aace000 	/System/Library/PrivateFrameworks/Ubiquity.framework/Versions/A/Ubiquity
0x000000000aace000 	/System/Library/PrivateFrameworks/IconServices.framework/Versions/A/IconServices
0x000000000aace000 	/System/Library/PrivateFrameworks/ChunkingLibrary.framework/Versions/A/ChunkingLibrary
0x000000000aace000 	/System/Library/PrivateFrameworks/CoreSymbolication.framework/Versions/A/CoreSymbolication
0x000000000aace000 	/System/Library/PrivateFrameworks/Symbolication.framework/Versions/A/Symbolication
0x000000000aace000 	/System/Library/PrivateFrameworks/DebugSymbols.framework/Versions/A/DebugSymbols
0x0000000110200000 	/Library/Java/JavaVirtualMachines/jdk1.7.0_45.jdk/Contents/Home/jre/lib/server/libjvm.dylib
0x000000000aace000 	/usr/lib/libstdc++.6.dylib
0x000000010f931000 	/Library/Java/JavaVirtualMachines/jdk1.7.0_45.jdk/Contents/Home/jre/lib/libverify.dylib
0x000000010f93e000 	/Library/Java/JavaVirtualMachines/jdk1.7.0_45.jdk/Contents/Home/jre/lib/libjava.dylib
0x000000010f978000 	/Library/Java/JavaVirtualMachines/jdk1.7.0_45.jdk/Contents/Home/jre/lib/libzip.dylib
0x0000000117eee000 	/System/Library/Frameworks/JavaVM.framework/Frameworks/JavaRuntimeSupport.framework/JavaRuntimeSupport
0x000000010f9e9000 	/System/Library/Frameworks/JavaVM.framework/Versions/A/Frameworks/JavaNativeFoundation.framework/Versions/A/JavaNativeFoundation
0x0000000117f06000 	/System/Library/Frameworks/JavaVM.framework/Versions/A/JavaVM
0x000000000aace000 	/System/Library/Frameworks/Carbon.framework/Versions/A/Carbon
0x0000000117f13000 	/System/Library/PrivateFrameworks/JavaLaunching.framework/Versions/A/JavaLaunching
0x000000000aace000 	/System/Library/Frameworks/Carbon.framework/Versions/A/Frameworks/CommonPanels.framework/Versions/A/CommonPanels
0x000000000aace000 	/System/Library/Frameworks/Carbon.framework/Versions/A/Frameworks/Help.framework/Versions/A/Help
0x000000000aace000 	/System/Library/Frameworks/Carbon.framework/Versions/A/Frameworks/ImageCapture.framework/Versions/A/ImageCapture
0x000000000aace000 	/System/Library/Frameworks/Carbon.framework/Versions/A/Frameworks/OpenScripting.framework/Versions/A/OpenScripting
0x000000000aace000 	/System/Library/Frameworks/Carbon.framework/Versions/A/Frameworks/Print.framework/Versions/A/Print
0x000000000aace000 	/System/Library/Frameworks/Carbon.framework/Versions/A/Frameworks/SecurityHI.framework/Versions/A/SecurityHI
0x0000000118632000 	/private/var/folders/m4/z4vmqs0n1sb7tx64z_j09ft40000gn/T/libgdxtaida/92bf976d/libgdx.dylib
0x0000000118696000 	/Library/Java/JavaVirtualMachines/jdk1.7.0_45.jdk/Contents/Home/jre/lib/libawt.dylib
0x0000000118745000 	/Library/Java/JavaVirtualMachines/jdk1.7.0_45.jdk/Contents/Home/jre/lib/./libmlib_image.dylib
0x0000000118811000 	/Library/Java/JavaVirtualMachines/jdk1.7.0_45.jdk/Contents/Home/jre/lib/lwawt/liblwawt.dylib
0x00000001188c5000 	/Library/Java/JavaVirtualMachines/jdk1.7.0_45.jdk/Contents/Home/jre/lib/libosxapp.dylib
0x000000000aace000 	/System/Library/Frameworks/ExceptionHandling.framework/Versions/A/ExceptionHandling
0x000000000aace000 	/System/Library/PrivateFrameworks/CoreServicesInternal.framework/Versions/A/CoreServicesInternal
0x000000000aace000 	/System/Library/PrivateFrameworks/Librarian.framework/Versions/A/Librarian
0x000000011a127000 	/System/Library/Frameworks/CoreGraphics.framework/Versions/A/Resources/libCGCMS.A.dylib
0x000000011a239000 	/System/Library/Frameworks/CoreGraphics.framework/Versions/A/Resources/libRIP.A.dylib
0x000000011a289000 	/System/Library/Frameworks/CoreGraphics.framework/Versions/A/Resources/libCGXType.A.dylib
0x000000000aace000 	/System/Library/PrivateFrameworks/FamilyControls.framework/Versions/A/FamilyControls
0x000000000aace000 	/System/Library/PrivateFrameworks/CommerceKit.framework/Versions/A/Frameworks/CommerceCore.framework/Versions/A/CommerceCore
0x000000000aace000 	/System/Library/PrivateFrameworks/SystemAdministration.framework/Versions/A/SystemAdministration
0x000000000aace000 	/System/Library/Frameworks/DirectoryService.framework/Versions/A/DirectoryService
0x000000000aace000 	/System/Library/PrivateFrameworks/DiskImages.framework/Versions/A/DiskImages
0x000000000aace000 	/System/Library/PrivateFrameworks/LoginUIKit.framework/Versions/A/Frameworks/LoginUICore.framework/Versions/A/LoginUICore
0x000000000aace000 	/usr/lib/libCoreStorage.dylib
0x000000000aace000 	/usr/lib/libcsfde.dylib
0x000000000aace000 	/usr/lib/libodfde.dylib
0x000000000aace000 	/System/Library/Frameworks/DiscRecording.framework/Versions/A/DiscRecording
0x000000000aace000 	/usr/lib/libcurl.4.dylib
0x000000000aace000 	/System/Library/PrivateFrameworks/MediaKit.framework/Versions/A/MediaKit
0x000000000aace000 	/System/Library/PrivateFrameworks/EFILogin.framework/Versions/A/EFILogin
0x000000000aace000 	/usr/lib/libutil.dylib
0x000000000aace000 	/System/Library/PrivateFrameworks/AOSNotification.framework/Versions/A/AOSNotification
0x000000000aace000 	/System/Library/Frameworks/LDAP.framework/Versions/A/LDAP
0x000000000aace000 	/usr/lib/libsasl2.2.dylib
0x000000000aace000 	/usr/lib/libcrypto.0.9.8.dylib
0x000000000aace000 	/usr/lib/libssl.0.9.8.dylib
0x000000011ca70000 	/Library/Java/JavaVirtualMachines/jdk1.7.0_45.jdk/Contents/Home/jre/lib/libfontmanager.dylib
0x000000011cad4000 	/private/var/folders/m4/z4vmqs0n1sb7tx64z_j09ft40000gn/T/libgdxtaida/75260a42/liblwjgl.jnilib
0x000000011a2a3000 	/Library/Java/JavaVirtualMachines/jdk1.7.0_45.jdk/Contents/Home/jre/lib/libjawt.dylib
0x000000011cb4f000 	/var/folders/m4/z4vmqs0n1sb7tx64z_j09ft40000gn/T/libgdxtaida/75260a42/openal.dylib
0x000000011cbab000 	/System/Library/Components/CoreAudio.component/Contents/MacOS/CoreAudio
0x000000011a2ce000 	/System/Library/Extensions/AppleHDA.kext/Contents/PlugIns/AppleHDAHALPlugIn.bundle/Contents/MacOS/AppleHDAHALPlugIn
0x000000011cfd1000 	/System/Library/Frameworks/OpenGL.framework/Resources/GLEngine.bundle/GLEngine
0x000000000aace000 	/System/Library/Frameworks/OpenGL.framework/Versions/A/Libraries/libGLProgrammability.dylib
0x0000000000000000 	/System/Library/Extensions/AppleIntelHD4000GraphicsGLDriver.bundle/Contents/MacOS/AppleIntelHD4000GraphicsGLDriver
0x000000000aace000 	/System/Library/PrivateFrameworks/IOAccelerator.framework/Versions/A/IOAccelerator
0x000000000aace000 	/System/Library/PrivateFrameworks/GPUSupport.framework/Versions/A/Libraries/libGPUSupportMercury.dylib
0x000000011d598000 	/System/Library/Frameworks/OpenGL.framework/Resources//GLRendererFloat.bundle/GLRendererFloat
0x000000000aace000 	/System/Library/Frameworks/OpenCL.framework/Versions/A/Libraries/libcldcpuengine.dylib

VM Arguments:
jvm_args: -Dfile.encoding=US-ASCII 
java_command: com.tai.flappy.Main
Launcher Type: SUN_STANDARD

Environment Variables:
PATH=/usr/bin:/bin:/usr/sbin:/sbin
SHELL=/bin/bash

Signal Handlers:
SIGSEGV: [libjvm.dylib+0x525415], sa_mask[0]=0xfffefeff, sa_flags=0x00000043
SIGBUS: [libjvm.dylib+0x525415], sa_mask[0]=0xfffefeff, sa_flags=0x00000042
SIGFPE: [libjvm.dylib+0x41891a], sa_mask[0]=0xfffefeff, sa_flags=0x00000042
SIGPIPE: [libjvm.dylib+0x41891a], sa_mask[0]=0xfffefeff, sa_flags=0x00000042
SIGXFSZ: [libjvm.dylib+0x41891a], sa_mask[0]=0xfffefeff, sa_flags=0x00000042
SIGILL: [libjvm.dylib+0x41891a], sa_mask[0]=0xfffefeff, sa_flags=0x00000042
SIGUSR1: SIG_DFL, sa_mask[0]=0x00000000, sa_flags=0x00000002
SIGUSR2: [libjvm.dylib+0x41840c], sa_mask[0]=0x00000004, sa_flags=0x00000042
SIGHUP: [libjvm.dylib+0x41669b], sa_mask[0]=0xfffefeff, sa_flags=0x00000042
SIGINT: [libjvm.dylib+0x41669b], sa_mask[0]=0xfffefeff, sa_flags=0x00000042
SIGTERM: [libjvm.dylib+0x41669b], sa_mask[0]=0xfffefeff, sa_flags=0x00000042
SIGQUIT: [libjvm.dylib+0x41669b], sa_mask[0]=0xfffefeff, sa_flags=0x00000042


---------------  S Y S T E M  ---------------

OS:Bsduname:Darwin 13.1.0 Darwin Kernel Version 13.1.0: Thu Jan 16 19:40:37 PST 2014; root:xnu-2422.90.20~2/RELEASE_X86_64 x86_64
rlimit: STACK 8192k, CORE 0k, NPROC 709, NOFILE 10240, AS infinity
load average:1.11 1.25 1.32

CPU:total 4 (2 cores per cpu, 2 threads per core) family 6 model 58 stepping 9, cmov, cx8, fxsr, mmx, sse, sse2, sse3, ssse3, sse4.1, sse4.2, popcnt, avx, aes, erms, ht, tsc, tscinvbit, tscinv

Memory: 4k page, physical 4194304k(1048576k free)

/proc/meminfo:


vm_info: Java HotSpot(TM) 64-Bit Server VM (24.45-b08) for bsd-amd64 JRE (1.7.0_45-b18), built on Oct  8 2013 05:54:16 by "java_re" with gcc 4.2.1 (Based on Apple Inc. build 5658) (LLVM build 2336.11.00)

time: Sat Mar  1 20:05:42 2014
elapsed time: 51 seconds

